# JRE version: Java(TM) SE Runtime Environment (22.0.1+8) (build 22.0.1+8-16)
# Java VM: Java HotSpot(TM) 64-Bit Server VM (22.0.1+8-16, mixed mode, sharing, tiered, compressed oops, compressed class ptrs, g1 gc, windows-amd64)
GC Precious Log:
 CardTable entry size: 512
 Card Set container configuration: InlinePtr #cards 5 size 8 Array Of Cards #cards 12 size 40 Howl #buckets 4 coarsen threshold 1843 Howl Bitmap #cards 512 size 80 coarsen threshold 460 Card regions per heap region 1 cards per card region 2048
 CPUs: 8 total, 8 available
 Memory: 7914M
 Large Page Support: Disabled
 NUMA Support: Disabled
 Compressed Oops: Enabled (32-bit)
 Heap Region Size: 1M
 Heap Min Capacity: 8M
 Heap Initial Capacity: 124M
 Heap Max Capacity: 2G
 Pre-touch: Disabled
 Parallel Workers: 8
 Concurrent Workers: 2
 Concurrent Refinement Workers: 8
 Periodic GC: Disabled
Heap:
 garbage-first heap   total reserved 2097152K, committed 569344K, used 526848K [0x0000000080000000, 0x0000000100000000)
  region size 1024K, 4 young (4096K), 4 survivors (4096K)
 Metaspace       used 6387K, committed 6656K, reserved 1114112K
  class space    used 666K, committed 768K, reserved 1048576K
GC Heap History (20 events):
Event: 3.235 GC heap after
{Heap after GC invocations=8 (full 0):
 garbage-first heap   total reserved 2097152K, committed 199680K, used 132096K [0x0000000080000000, 0x0000000100000000)
  region size 1024K, 6 young (6144K), 6 survivors (6144K)
 Metaspace       used 3795K, committed 4032K, reserved 1114112K
  class space    used 377K, committed 448K, reserved 1048576K
}
Event: 3.581 GC heap before
{Heap before GC invocations=8 (full 0):
 garbage-first heap   total reserved 2097152K, committed 199680K, used 167936K [0x0000000080000000, 0x0000000100000000)
  region size 1024K, 41 young (41984K), 6 survivors (6144K)
 Metaspace       used 3795K, committed 4032K, reserved 1114112K
  class space    used 377K, committed 448K, reserved 1048576K
}
Event: 3.596 GC heap after
{Heap after GC invocations=9 (full 0):
 garbage-first heap   total reserved 2097152K, committed 199680K, used 145920K [0x0000000080000000, 0x0000000100000000)
  region size 1024K, 6 young (6144K), 6 survivors (6144K)
 Metaspace       used 3795K, committed 4032K, reserved 1114112K
  class space    used 377K, committed 448K, reserved 1048576K
}
Event: 4.530 GC heap before
{Heap before GC invocations=10 (full 0):
 garbage-first heap   total reserved 2097152K, committed 356352K, used 308736K [0x0000000080000000, 0x0000000100000000)
  region size 1024K, 34 young (34816K), 6 survivors (6144K)
 Metaspace       used 6371K, committed 6592K, reserved 1114112K
  class space    used 665K, committed 768K, reserved 1048576K
}
Event: 4.541 GC heap after
{Heap after GC invocations=11 (full 0):
 garbage-first heap   total reserved 2097152K, committed 356352K, used 291548K [0x0000000080000000, 0x0000000100000000)
  region size 1024K, 5 young (5120K), 5 survivors (5120K)
 Metaspace       used 6371K, committed 6592K, reserved 1114112K
  class space    used 665K, committed 768K, reserved 1048576K
}
Event: 4.790 GC heap before
{Heap before GC invocations=11 (full 0):
 garbage-first heap   total reserved 2097152K, committed 356352K, used 331484K [0x0000000080000000, 0x0000000100000000)
  region size 1024K, 39 young (39936K), 5 survivors (5120K)
 Metaspace       used 6373K, committed 6592K, reserved 1114112K
  class space    used 665K, committed 768K, reserved 1048576K
}
Event: 4.807 GC heap after
{Heap after GC invocations=12 (full 0):
 garbage-first heap   total reserved 2097152K, committed 359424K, used 317440K [0x0000000080000000, 0x0000000100000000)
  region size 1024K, 5 young (5120K), 5 survivors (5120K)
 Metaspace       used 6373K, committed 6592K, reserved 1114112K
  class space    used 665K, committed 768K, reserved 1048576K
}
Event: 4.878 GC heap before
{Heap before GC invocations=12 (full 0):
 garbage-first heap   total reserved 2097152K, committed 359424K, used 333824K [0x0000000080000000, 0x0000000100000000)
  region size 1024K, 22 young (22528K), 5 survivors (5120K)
 Metaspace       used 6373K, committed 6592K, reserved 1114112K
  class space    used 665K, committed 768K, reserved 1048576K
}
Event: 4.888 GC heap after
{Heap after GC invocations=13 (full 0):
 garbage-first heap   total reserved 2097152K, committed 359424K, used 329142K [0x0000000080000000, 0x0000000100000000)
  region size 1024K, 3 young (3072K), 3 survivors (3072K)
 Metaspace       used 6373K, committed 6592K, reserved 1114112K
  class space    used 665K, committed 768K, reserved 1048576K
}
Event: 4.979 GC heap before
{Heap before GC invocations=13 (full 0):
 garbage-first heap   total reserved 2097152K, committed 359424K, used 350646K [0x0000000080000000, 0x0000000100000000)
  region size 1024K, 17 young (17408K), 3 survivors (3072K)
 Metaspace       used 6374K, committed 6592K, reserved 1114112K
  class space    used 665K, committed 768K, reserved 1048576K
}
Event: 4.991 GC heap after
{Heap after GC invocations=14 (full 0):
 garbage-first heap   total reserved 2097152K, committed 569344K, used 346456K [0x0000000080000000, 0x0000000100000000)
  region size 1024K, 3 young (3072K), 3 survivors (3072K)
 Metaspace       used 6374K, committed 6592K, reserved 1114112K
  class space    used 665K, committed 768K, reserved 1048576K
}
Event: 5.525 GC heap before
{Heap before GC invocations=15 (full 0):
 garbage-first heap   total reserved 2097152K, committed 569344K, used 432472K [0x0000000080000000, 0x0000000100000000)
  region size 1024K, 102 young (104448K), 3 survivors (3072K)
 Metaspace       used 6375K, committed 6592K, reserved 1114112K
  class space    used 665K, committed 768K, reserved 1048576K
}
Event: 5.574 GC heap after
{Heap after GC invocations=16 (full 0):
 garbage-first heap   total reserved 2097152K, committed 569344K, used 392688K [0x0000000080000000, 0x0000000100000000)
  region size 1024K, 13 young (13312K), 13 survivors (13312K)
 Metaspace       used 6375K, committed 6592K, reserved 1114112K
  class space    used 665K, committed 768K, reserved 1048576K
}
Event: 5.838 GC heap before
{Heap before GC invocations=16 (full 0):
 garbage-first heap   total reserved 2097152K, committed 569344K, used 490992K [0x0000000080000000, 0x0000000100000000)
  region size 1024K, 82 young (83968K), 13 survivors (13312K)
 Metaspace       used 6386K, committed 6656K, reserved 1114112K
  class space    used 666K, committed 768K, reserved 1048576K
}
Event: 5.883 GC heap after
{Heap after GC invocations=17 (full 0):
 garbage-first heap   total reserved 2097152K, committed 569344K, used 460288K [0x0000000080000000, 0x0000000100000000)
  region size 1024K, 11 young (11264K), 11 survivors (11264K)
 Metaspace       used 6386K, committed 6656K, reserved 1114112K
  class space    used 666K, committed 768K, reserved 1048576K
}
Event: 6.062 GC heap before
{Heap before GC invocations=17 (full 0):
 garbage-first heap   total reserved 2097152K, committed 569344K, used 506368K [0x0000000080000000, 0x0000000100000000)
  region size 1024K, 56 young (57344K), 11 survivors (11264K)
 Metaspace       used 6387K, committed 6656K, reserved 1114112K
  class space    used 666K, committed 768K, reserved 1048576K
}
Event: 6.088 GC heap after
{Heap after GC invocations=18 (full 0):
 garbage-first heap   total reserved 2097152K, committed 569344K, used 490496K [0x0000000080000000, 0x0000000100000000)
  region size 1024K, 7 young (7168K), 7 survivors (7168K)
 Metaspace       used 6387K, committed 6656K, reserved 1114112K
  class space    used 666K, committed 768K, reserved 1048576K
}
Event: 6.225 GC heap before
{Heap before GC invocations=18 (full 0):
 garbage-first heap   total reserved 2097152K, committed 569344K, used 523264K [0x0000000080000000, 0x0000000100000000)
  region size 1024K, 39 young (39936K), 7 survivors (7168K)
 Metaspace       used 6387K, committed 6656K, reserved 1114112K
  class space    used 666K, committed 768K, reserved 1048576K
}
Event: 6.241 GC heap after
{Heap after GC invocations=19 (full 0):
 garbage-first heap   total reserved 2097152K, committed 569344K, used 512000K [0x0000000080000000, 0x0000000100000000)
  region size 1024K, 5 young (5120K), 5 survivors (5120K)
 Metaspace       used 6387K, committed 6656K, reserved 1114112K
  class space    used 666K, committed 768K, reserved 1048576K
}
Event: 6.324 GC heap before
{Heap before GC invocations=19 (full 0):
 garbage-first heap   total reserved 2097152K, committed 569344K, used 534528K [0x0000000080000000, 0x0000000100000000)
  region size 1024K, 27 young (27648K), 5 survivors (5120K)
 Metaspace       used 6387K, committed 6656K, reserved 1114112K
  class space    used 666K, committed 768K, reserved 1048576K
}

